<?xml version="1.0" encoding="UTF-8"?>
<!-- Generated by org.testng.reporters.JUnitXMLReporter -->
<testsuite hostname="SHASHANK" name="Test" tests="6" failures="0" timestamp="20 Oct 2019 15:24:36 GMT" time="247.713" errors="0">
  <testcase name="contactscheckboxclicktest" time="2.929" classname="com.qa.testcases.ContactsPageTest"/>
  <testcase name="VarifyHomePage" time="1.294" classname="com.qa.testcases.HomePageTest"/>
  <testcase name="varifyDealsbtn" time="2.237" classname="com.qa.testcases.HomePageTest"/>
  <testcase name="varifycontactsbtn" time="2.763" classname="com.qa.testcases.HomePageTest"/>
  <testcase name="logintest" time="12.238" classname="com.qa.testcases.LoginPageTest"/>
  <testcase name="logotest" time="0.821" classname="com.qa.testcases.LoginPageTest"/>
</testsuite> <!-- Test -->
